JagStudio Version: 1.11 
 
Buildlink starting

Checking if assets.txt is newer than any of the build folder files....
    Opening - C:\gamedev\JAGSTU~1\projects\c\mk\assets.txt...
    Opening - C:\gamedev\JAGSTU~1\projects\c\mk\build\linkfile.bin...
    Opening - C:\gamedev\JAGSTU~1\projects\c\mk\build\romassets.inc...
    Opening - C:\gamedev\JAGSTU~1\projects\c\mk\build\romassets.h...
    Opening - C:\gamedev\JAGSTU~1\projects\c\mk\build\ramassets.inc...
    Opening - C:\gamedev\JAGSTU~1\projects\c\mk\build\build.log...
    Reading assets.txt line
    Reading assets.txt line
    Reading assets.txt line
    Reading assets.txt line
    Reading assets.txt line
    Reading assets.txt line
    Reading assets.txt line
    Reading assets.txt line
    Reading assets.txt line
    Reading assets.txt line
    Reading assets.txt line
    Reading assets.txt line
    Reading assets.txt line
    Reading assets.txt line
    Reading assets.txt line
    Reading assets.txt line
    Reading assets.txt line
    Reading assets.txt line
    Reading assets.txt line
    Reading assets.txt line
    Reading assets.txt line
    Reading assets.txt line
    Reading assets.txt line
    Reading assets.txt line
    Reading assets.txt line
    Reading assets.txt line
    Reading assets.txt line
    Reading assets.txt line
    Reading assets.txt line
    Reading assets.txt line
    Reading assets.txt line
    Reading assets.txt line
    Reading assets.txt line
        Processing ASSETS\GFX\dotlast.BMP
        Converting BMP internally into gfxdata/clut...
        File is 8 pixels wide, 8 pixels high and is 1 bits/pixel
        Adding to the linkfile as ROM...
    Reading assets.txt line
        Processing assets\gfx\title_screen.bmp
        Converting BMP internally into gfxdata/clut...
        File is 320 pixels wide, 240 pixels high and is 8 bits/pixel
        Will attempt to pack C:\gamedev\JAGSTU~1\projects\c\mk\build\title_screen.bmp.gfxdata
        Command run: pack2e.exe "C:\gamedev\JAGSTU~1\projects\c\mk\build\title_screen.bmp.gfxdata" "C:\gamedev\JAGSTU~1\projects\c\mk\build\title_screen.bmp.gfxdata.pack"
        Adding to the linkfile as ROM...
    Reading assets.txt line
        Processing assets\gfx\prealpha.bmp
        Converting BMP internally into gfxdata/clut...
        File is 320 pixels wide, 240 pixels high and is 8 bits/pixel
        Will attempt to pack C:\gamedev\JAGSTU~1\projects\c\mk\build\prealpha.bmp.gfxdata
        Command run: pack2e.exe "C:\gamedev\JAGSTU~1\projects\c\mk\build\prealpha.bmp.gfxdata" "C:\gamedev\JAGSTU~1\projects\c\mk\build\prealpha.bmp.gfxdata.pack"
        Adding to the linkfile as ROM...
    Reading assets.txt line
        Processing assets\gfx\trufun.bmp
        Converting BMP internally into gfxdata/clut...
        File is 320 pixels wide, 240 pixels high and is 8 bits/pixel
        Will attempt to pack C:\gamedev\JAGSTU~1\projects\c\mk\build\trufun.bmp.gfxdata
        Command run: pack2e.exe "C:\gamedev\JAGSTU~1\projects\c\mk\build\trufun.bmp.gfxdata" "C:\gamedev\JAGSTU~1\projects\c\mk\build\trufun.bmp.gfxdata.pack"
        Adding to the linkfile as ROM...
    Reading assets.txt line
        Processing assets\gfx\choose_your_fighter.bmp
        Converting BMP internally into gfxdata/clut...
        File is 320 pixels wide, 239 pixels high and is 8 bits/pixel
        Will attempt to pack C:\gamedev\JAGSTU~1\projects\c\mk\build\choose_your_fighter.bmp.gfxdata
        Command run: pack2e.exe "C:\gamedev\JAGSTU~1\projects\c\mk\build\choose_your_fighter.bmp.gfxdata" "C:\gamedev\JAGSTU~1\projects\c\mk\build\choose_your_fighter.bmp.gfxdata.pack"
        Adding to the linkfile as ROM...
    Reading assets.txt line
        Processing assets\gfx\battle_screen.bmp
        Converting BMP internally into gfxdata/clut...
        File is 320 pixels wide, 239 pixels high and is 4 bits/pixel
        Will attempt to pack C:\gamedev\JAGSTU~1\projects\c\mk\build\battle_screen.bmp.gfxdata
        Command run: pack2e.exe "C:\gamedev\JAGSTU~1\projects\c\mk\build\battle_screen.bmp.gfxdata" "C:\gamedev\JAGSTU~1\projects\c\mk\build\battle_screen.bmp.gfxdata.pack"
        Adding to the linkfile as ROM...
    Reading assets.txt line
        Processing ASSETS\GFX\p1_selector.BMP
        Converting BMP internally into gfxdata/clut...
        File is 64 pixels wide, 160 pixels high and is 16 bits/pixel
        Adding to the linkfile as ROM...
    Reading assets.txt line
        Processing ASSETS\GFX\p2_selector.BMP
        Converting BMP internally into gfxdata/clut...
        File is 64 pixels wide, 160 pixels high and is 16 bits/pixel
        Adding to the linkfile as ROM...
    Reading assets.txt line
        Processing ASSETS\GFX\p2_selector_flash.BMP
        Converting BMP internally into gfxdata/clut...
        File is 64 pixels wide, 66 pixels high and is 4 bits/pixel
        Adding to the linkfile as ROM...
    Reading assets.txt line
        Processing ASSETS\GFX\battle_thepit.BMP
        Converting BMP internally into gfxdata/clut...
        File is 160 pixels wide, 18 pixels high and is 4 bits/pixel
        Adding to the linkfile as ROM...
    Reading assets.txt line
        Processing ASSETS\GFX\battle_warrior.BMP
        Converting BMP internally into gfxdata/clut...
        File is 160 pixels wide, 18 pixels high and is 4 bits/pixel
        Adding to the linkfile as ROM...
    Reading assets.txt line
        Processing ASSETS\GFX\battle_goro.BMP
        Converting BMP internally into gfxdata/clut...
        File is 160 pixels wide, 18 pixels high and is 4 bits/pixel
        Adding to the linkfile as ROM...
    Reading assets.txt line
        Processing ASSETS\GFX\cage.BMP
        Converting BMP internally into gfxdata/clut...
        File is 1024 pixels wide, 1152 pixels high and is 4 bits/pixel
        Adding to the linkfile as ROM...
    Reading assets.txt line
        Processing ASSETS\GFX\liukang.BMP
        Converting BMP internally into gfxdata/clut...
        File is 1024 pixels wide, 1104 pixels high and is 4 bits/pixel
        Adding to the linkfile as ROM...
    Reading assets.txt line
        Processing ASSETS\GFX\raiden.BMP
        Converting BMP internally into gfxdata/clut...
        File is 1024 pixels wide, 1120 pixels high and is 4 bits/pixel
        Adding to the linkfile as ROM...
    Reading assets.txt line
        Processing ASSETS\GFX\subzero.BMP
        Converting BMP internally into gfxdata/clut...
        File is 1024 pixels wide, 1264 pixels high and is 4 bits/pixel
        Adding to the linkfile as ROM...
    Reading assets.txt line
        Processing ASSETS\GFX\sonya.BMP
        Converting BMP internally into gfxdata/clut...
        File is 1024 pixels wide, 960 pixels high and is 4 bits/pixel
        Adding to the linkfile as ROM...
    Reading assets.txt line
        Processing ASSETS\GFX\kano.BMP
        Converting BMP internally into gfxdata/clut...
        File is 1024 pixels wide, 1168 pixels high and is 4 bits/pixel
        Adding to the linkfile as ROM...
    Reading assets.txt line
        Processing ASSETS\GFX\pal_scorpion.BMP
        Converting BMP internally into gfxdata/clut...
        File is 4 pixels wide, 4 pixels high and is 4 bits/pixel
        Adding to the linkfile as ROM...
    Reading assets.txt line
        Processing ASSETS\GFX\pal_reptile.BMP
        Converting BMP internally into gfxdata/clut...
        File is 4 pixels wide, 4 pixels high and is 4 bits/pixel
        Adding to the linkfile as ROM...
    Reading assets.txt line
        Processing ASSETS\GFX\lightning.BMP
        Converting BMP internally into gfxdata/clut...
        File is 640 pixels wide, 336 pixels high and is 4 bits/pixel
        Adding to the linkfile as ROM...
    Reading assets.txt line
        Processing ASSETS\GFX\pt_cage.BMP
        Converting BMP internally into gfxdata/clut...
        File is 64 pixels wide, 80 pixels high and is 4 bits/pixel
        Adding to the linkfile as ROM...
    Reading assets.txt line
        Processing ASSETS\GFX\pt_kano.BMP
        Converting BMP internally into gfxdata/clut...
        File is 64 pixels wide, 80 pixels high and is 4 bits/pixel
        Adding to the linkfile as ROM...
    Reading assets.txt line
        Processing ASSETS\GFX\pt_liukang.BMP
        Converting BMP internally into gfxdata/clut...
        File is 64 pixels wide, 80 pixels high and is 4 bits/pixel
        Adding to the linkfile as ROM...
    Reading assets.txt line
        Processing ASSETS\GFX\pt_raiden.BMP
        Converting BMP internally into gfxdata/clut...
        File is 64 pixels wide, 80 pixels high and is 4 bits/pixel
        Adding to the linkfile as ROM...
    Reading assets.txt line
        Processing ASSETS\GFX\pt_scorpion.BMP
        Converting BMP internally into gfxdata/clut...
        File is 64 pixels wide, 80 pixels high and is 4 bits/pixel
        Adding to the linkfile as ROM...
    Reading assets.txt line
        Processing ASSETS\GFX\pt_sonya.BMP
        Converting BMP internally into gfxdata/clut...
        File is 64 pixels wide, 80 pixels high and is 4 bits/pixel
        Adding to the linkfile as ROM...
    Reading assets.txt line
        Processing ASSETS\GFX\pt_subzero.BMP
        Converting BMP internally into gfxdata/clut...
        File is 64 pixels wide, 80 pixels high and is 4 bits/pixel
        Adding to the linkfile as ROM...
    Reading assets.txt line
        Processing assets\gfx\stage_pit_background.bmp
        Converting BMP internally into gfxdata/clut...
        File is 768 pixels wide, 608 pixels high and is 8 bits/pixel
        Will attempt to pack C:\gamedev\JAGSTU~1\projects\c\mk\build\stage_pit_background.bmp.gfxdata
        Command run: pack2e.exe "C:\gamedev\JAGSTU~1\projects\c\mk\build\stage_pit_background.bmp.gfxdata" "C:\gamedev\JAGSTU~1\projects\c\mk\build\stage_pit_background.bmp.gfxdata.pack"
        Adding to the linkfile as ROM...
    Reading assets.txt line
        Processing assets\gfx\stage_pit_spikes.bmp
        Converting BMP internally into gfxdata/clut...
        File is 1104 pixels wide, 86 pixels high and is 4 bits/pixel
        Will attempt to pack C:\gamedev\JAGSTU~1\projects\c\mk\build\stage_pit_spikes.bmp.gfxdata
        Command run: pack2e.exe "C:\gamedev\JAGSTU~1\projects\c\mk\build\stage_pit_spikes.bmp.gfxdata" "C:\gamedev\JAGSTU~1\projects\c\mk\build\stage_pit_spikes.bmp.gfxdata.pack"
        Adding to the linkfile as ROM...
    Reading assets.txt line
        Processing assets\gfx\stage_pit_moon.bmp
        Converting BMP internally into gfxdata/clut...
        File is 48 pixels wide, 48 pixels high and is 4 bits/pixel
        Will attempt to pack C:\gamedev\JAGSTU~1\projects\c\mk\build\stage_pit_moon.bmp.gfxdata
        Command run: pack2e.exe "C:\gamedev\JAGSTU~1\projects\c\mk\build\stage_pit_moon.bmp.gfxdata" "C:\gamedev\JAGSTU~1\projects\c\mk\build\stage_pit_moon.bmp.gfxdata.pack"
        Adding to the linkfile as ROM...
    Reading assets.txt line
        Processing assets\gfx\stage_pit_clouds1.bmp
        Converting BMP internally into gfxdata/clut...
        File is 128 pixels wide, 48 pixels high and is 4 bits/pixel
        Adding to the linkfile as ROM...
    Reading assets.txt line
        Processing assets\gfx\stage_pit_clouds2.bmp
        Converting BMP internally into gfxdata/clut...
        File is 96 pixels wide, 16 pixels high and is 4 bits/pixel
        Adding to the linkfile as ROM...
    Reading assets.txt line
        Processing assets\gfx\stage_pit_clouds3.bmp
        Converting BMP internally into gfxdata/clut...
        File is 80 pixels wide, 16 pixels high and is 4 bits/pixel
        Adding to the linkfile as ROM...
    Reading assets.txt line
        Processing assets\gfx\stage_warrior_background.bmp
        Converting BMP internally into gfxdata/clut...
        File is 768 pixels wide, 240 pixels high and is 8 bits/pixel
        Will attempt to pack C:\gamedev\JAGSTU~1\projects\c\mk\build\stage_warrior_background.bmp.gfxdata
        Command run: pack2e.exe "C:\gamedev\JAGSTU~1\projects\c\mk\build\stage_warrior_background.bmp.gfxdata" "C:\gamedev\JAGSTU~1\projects\c\mk\build\stage_warrior_background.bmp.gfxdata.pack"
        Adding to the linkfile as ROM...
    Reading assets.txt line
        Processing assets\gfx\stage_warrior_bush.bmp
        Converting BMP internally into gfxdata/clut...
        File is 48 pixels wide, 80 pixels high and is 4 bits/pixel
        Adding to the linkfile as ROM...
    Reading assets.txt line
        Processing assets\gfx\stage_warrior_pillar.bmp
        Converting BMP internally into gfxdata/clut...
        File is 32 pixels wide, 240 pixels high and is 4 bits/pixel
        Adding to the linkfile as ROM...
    Reading assets.txt line
        Processing assets\gfx\stage_goro_background.bmp
        Converting BMP internally into gfxdata/clut...
        File is 768 pixels wide, 240 pixels high and is 8 bits/pixel
        Will attempt to pack C:\gamedev\JAGSTU~1\projects\c\mk\build\stage_goro_background.bmp.gfxdata
        Command run: pack2e.exe "C:\gamedev\JAGSTU~1\projects\c\mk\build\stage_goro_background.bmp.gfxdata" "C:\gamedev\JAGSTU~1\projects\c\mk\build\stage_goro_background.bmp.gfxdata.pack"
        Adding to the linkfile as ROM...
    Reading assets.txt line
        Processing assets\gfx\stage_goro_paralax.bmp
        Converting BMP internally into gfxdata/clut...
        File is 336 pixels wide, 144 pixels high and is 4 bits/pixel
        Will attempt to pack C:\gamedev\JAGSTU~1\projects\c\mk\build\stage_goro_paralax.bmp.gfxdata
        Command run: pack2e.exe "C:\gamedev\JAGSTU~1\projects\c\mk\build\stage_goro_paralax.bmp.gfxdata" "C:\gamedev\JAGSTU~1\projects\c\mk\build\stage_goro_paralax.bmp.gfxdata.pack"
        Adding to the linkfile as ROM...
    Reading assets.txt line
        Processing assets\gfx\stage_goro_eyes.bmp
        Converting BMP internally into gfxdata/clut...
        File is 16 pixels wide, 64 pixels high and is 4 bits/pixel
        Adding to the linkfile as ROM...
    Reading assets.txt line
        Processing ASSETS\GFX\hitbox_on.BMP
        Converting BMP internally into gfxdata/clut...
        File is 32 pixels wide, 96 pixels high and is 4 bits/pixel
        Adding to the linkfile as ROM...
    Reading assets.txt line
        Processing ASSETS\GFX\hitbox_attack_on.BMP
        Converting BMP internally into gfxdata/clut...
        File is 48 pixels wide, 16 pixels high and is 4 bits/pixel
        Adding to the linkfile as ROM...
    Reading assets.txt line
        Processing ASSETS\GFX\hitbox_off.BMP
        Converting BMP internally into gfxdata/clut...
        File is 32 pixels wide, 96 pixels high and is 4 bits/pixel
        Adding to the linkfile as ROM...
    Reading assets.txt line
        Processing ASSETS\GFX\hitbox_attack_off.BMP
        Converting BMP internally into gfxdata/clut...
        File is 48 pixels wide, 16 pixels high and is 4 bits/pixel
        Adding to the linkfile as ROM...
    Reading assets.txt line
        Processing ASSETS\GFX\match.BMP
        Converting BMP internally into gfxdata/clut...
        File is 688 pixels wide, 352 pixels high and is 4 bits/pixel
        Adding to the linkfile as ROM...
    Reading assets.txt line
        Processing ASSETS\GFX\blood.BMP
        Converting BMP internally into gfxdata/clut...
        File is 384 pixels wide, 224 pixels high and is 4 bits/pixel
        Adding to the linkfile as ROM...
    Reading assets.txt line
        Processing ASSETS\GFX\hud.BMP
        Converting BMP internally into gfxdata/clut...
        File is 320 pixels wide, 32 pixels high and is 4 bits/pixel
        Adding to the linkfile as ROM...
    Reading assets.txt line
        Processing ASSETS\GFX\healthbar.BMP
        Converting BMP internally into gfxdata/clut...
        File is 128 pixels wide, 16 pixels high and is 4 bits/pixel
        Adding to the linkfile as ROM...
    Reading assets.txt line
    Reading assets.txt line
        Processing ASSETS\SFX\p1cursor.wav
        Converting sound file into raw file (using sox)...
        Command run: sox.exe C:\gamedev\JAGSTU~1\projects\c\mk\ASSETS\SFX\p1cursor.wav--channels 1 --bits 8 --encoding signed-integer "C:\gamedev\JAGSTU~1\projects\c\mk\build\p1cursor.wav.raw" --show-progress rate -v 8000
        Adding to the linkfile as ROM...
    Reading assets.txt line
        Processing ASSETS\SFX\p2cursor.wav
        Converting sound file into raw file (using sox)...
        Command run: sox.exe C:\gamedev\JAGSTU~1\projects\c\mk\ASSETS\SFX\p2cursor.wav--channels 1 --bits 8 --encoding signed-integer "C:\gamedev\JAGSTU~1\projects\c\mk\build\p2cursor.wav.raw" --show-progress rate -v 8000
        Adding to the linkfile as ROM...
    Reading assets.txt line
        Processing ASSETS\SFX\p2selected.wav
        Converting sound file into raw file (using sox)...
        Command run: sox.exe C:\gamedev\JAGSTU~1\projects\c\mk\ASSETS\SFX\p2selected.wav--channels 1 --bits 8 --encoding signed-integer "C:\gamedev\JAGSTU~1\projects\c\mk\build\p2selected.wav.raw" --show-progress rate -v 8000
        Adding to the linkfile as ROM...
    Reading assets.txt line
        Processing ASSETS\SFX\johnnycage.wav
        Converting sound file into raw file (using sox)...
        Command run: sox.exe C:\gamedev\JAGSTU~1\projects\c\mk\ASSETS\SFX\johnnycage.wav--channels 1 --bits 8 --encoding signed-integer "C:\gamedev\JAGSTU~1\projects\c\mk\build\johnnycage.wav.raw" --show-progress rate -v 8000
        Adding to the linkfile as ROM...
    Reading assets.txt line
        Processing ASSETS\SFX\kano.wav
        Converting sound file into raw file (using sox)...
        Command run: sox.exe C:\gamedev\JAGSTU~1\projects\c\mk\ASSETS\SFX\kano.wav--channels 1 --bits 8 --encoding signed-integer "C:\gamedev\JAGSTU~1\projects\c\mk\build\kano.wav.raw" --show-progress rate -v 8000
        Adding to the linkfile as ROM...
    Reading assets.txt line
        Processing ASSETS\SFX\raiden.wav
        Converting sound file into raw file (using sox)...
        Command run: sox.exe C:\gamedev\JAGSTU~1\projects\c\mk\ASSETS\SFX\raiden.wav--channels 1 --bits 8 --encoding signed-integer "C:\gamedev\JAGSTU~1\projects\c\mk\build\raiden.wav.raw" --show-progress rate -v 8000
        Adding to the linkfile as ROM...
    Reading assets.txt line
        Processing ASSETS\SFX\liukang.wav
        Converting sound file into raw file (using sox)...
        Command run: sox.exe C:\gamedev\JAGSTU~1\projects\c\mk\ASSETS\SFX\liukang.wav--channels 1 --bits 8 --encoding signed-integer "C:\gamedev\JAGSTU~1\projects\c\mk\build\liukang.wav.raw" --show-progress rate -v 8000
        Adding to the linkfile as ROM...
    Reading assets.txt line
        Processing ASSETS\SFX\scorpion.wav
        Converting sound file into raw file (using sox)...
        Command run: sox.exe C:\gamedev\JAGSTU~1\projects\c\mk\ASSETS\SFX\scorpion.wav--channels 1 --bits 8 --encoding signed-integer "C:\gamedev\JAGSTU~1\projects\c\mk\build\scorpion.wav.raw" --show-progress rate -v 8000
        Adding to the linkfile as ROM...
    Reading assets.txt line
        Processing ASSETS\SFX\subzero.wav
        Converting sound file into raw file (using sox)...
        Command run: sox.exe C:\gamedev\JAGSTU~1\projects\c\mk\ASSETS\SFX\subzero.wav--channels 1 --bits 8 --encoding signed-integer "C:\gamedev\JAGSTU~1\projects\c\mk\build\subzero.wav.raw" --show-progress rate -v 8000
        Adding to the linkfile as ROM...
    Reading assets.txt line
        Processing ASSETS\SFX\sonya.wav
        Converting sound file into raw file (using sox)...
        Command run: sox.exe C:\gamedev\JAGSTU~1\projects\c\mk\ASSETS\SFX\sonya.wav--channels 1 --bits 8 --encoding signed-integer "C:\gamedev\JAGSTU~1\projects\c\mk\build\sonya.wav.raw" --show-progress rate -v 8000
        Adding to the linkfile as ROM...
    Reading assets.txt line
        Processing ASSETS\SFX\fight_16.wav
        Converting sound file into raw file (using sox)...
        Command run: sox.exe C:\gamedev\JAGSTU~1\projects\c\mk\ASSETS\SFX\fight_16.wav--channels 1 --bits 8 --encoding signed-integer "C:\gamedev\JAGSTU~1\projects\c\mk\build\fight_16.wav.raw" --show-progress rate -v 8000
        Adding to the linkfile as ROM...
    Reading assets.txt line
        Processing ASSETS\SFX\gong.wav
        Converting sound file into raw file (using sox)...
        Command run: sox.exe C:\gamedev\JAGSTU~1\projects\c\mk\ASSETS\SFX\gong.wav--channels 1 --bits 8 --encoding signed-integer "C:\gamedev\JAGSTU~1\projects\c\mk\build\gong.wav.raw" --show-progress rate -v 8000
        Adding to the linkfile as ROM...
    Reading assets.txt line
        Processing ASSETS\SFX\intro.wav
        Converting sound file into raw file (using sox)...
        Command run: sox.exe C:\gamedev\JAGSTU~1\projects\c\mk\ASSETS\SFX\intro.wav--channels 1 --bits 8 --encoding signed-integer "C:\gamedev\JAGSTU~1\projects\c\mk\build\intro.wav.raw" --show-progress rate -v 8000
        Adding to the linkfile as ROM...
    Reading assets.txt line
        Processing ASSETS\SFX\hiya_female1.wav
        Converting sound file into raw file (using sox)...
        Command run: sox.exe C:\gamedev\JAGSTU~1\projects\c\mk\ASSETS\SFX\hiya_female1.wav--channels 1 --bits 8 --encoding signed-integer "C:\gamedev\JAGSTU~1\projects\c\mk\build\hiya_female1.wav.raw" --show-progress rate -v 8000
        Adding to the linkfile as ROM...
    Reading assets.txt line
        Processing ASSETS\SFX\hiya_female2.wav
        Converting sound file into raw file (using sox)...
        Command run: sox.exe C:\gamedev\JAGSTU~1\projects\c\mk\ASSETS\SFX\hiya_female2.wav--channels 1 --bits 8 --encoding signed-integer "C:\gamedev\JAGSTU~1\projects\c\mk\build\hiya_female2.wav.raw" --show-progress rate -v 8000
        Adding to the linkfile as ROM...
    Reading assets.txt line
        Processing ASSETS\SFX\hiya_male1.wav
        Converting sound file into raw file (using sox)...
        Command run: sox.exe C:\gamedev\JAGSTU~1\projects\c\mk\ASSETS\SFX\hiya_male1.wav--channels 1 --bits 8 --encoding signed-integer "C:\gamedev\JAGSTU~1\projects\c\mk\build\hiya_male1.wav.raw" --show-progress rate -v 8000
        Adding to the linkfile as ROM...
    Reading assets.txt line
        Processing ASSETS\SFX\hiya_male2.wav
        Converting sound file into raw file (using sox)...
        Command run: sox.exe C:\gamedev\JAGSTU~1\projects\c\mk\ASSETS\SFX\hiya_male2.wav--channels 1 --bits 8 --encoding signed-integer "C:\gamedev\JAGSTU~1\projects\c\mk\build\hiya_male2.wav.raw" --show-progress rate -v 8000
        Adding to the linkfile as ROM...
    Reading assets.txt line
        Processing ASSETS\SFX\hiya_kang1.wav
        Converting sound file into raw file (using sox)...
        Command run: sox.exe C:\gamedev\JAGSTU~1\projects\c\mk\ASSETS\SFX\hiya_kang1.wav--channels 1 --bits 8 --encoding signed-integer "C:\gamedev\JAGSTU~1\projects\c\mk\build\hiya_kang1.wav.raw" --show-progress rate -v 8000
        Adding to the linkfile as ROM...
    Reading assets.txt line
        Processing ASSETS\SFX\hiya_kang2.wav
        Converting sound file into raw file (using sox)...
        Command run: sox.exe C:\gamedev\JAGSTU~1\projects\c\mk\ASSETS\SFX\hiya_kang2.wav--channels 1 --bits 8 --encoding signed-integer "C:\gamedev\JAGSTU~1\projects\c\mk\build\hiya_kang2.wav.raw" --show-progress rate -v 8000
        Adding to the linkfile as ROM...
    Reading assets.txt line
        Processing ASSETS\SFX\hiya_ninja1.wav
        Converting sound file into raw file (using sox)...
        Command run: sox.exe C:\gamedev\JAGSTU~1\projects\c\mk\ASSETS\SFX\hiya_ninja1.wav--channels 1 --bits 8 --encoding signed-integer "C:\gamedev\JAGSTU~1\projects\c\mk\build\hiya_ninja1.wav.raw" --show-progress rate -v 8000
        Adding to the linkfile as ROM...
    Reading assets.txt line
        Processing ASSETS\SFX\hiya_ninja2.wav
        Converting sound file into raw file (using sox)...
        Command run: sox.exe C:\gamedev\JAGSTU~1\projects\c\mk\ASSETS\SFX\hiya_ninja2.wav--channels 1 --bits 8 --encoding signed-integer "C:\gamedev\JAGSTU~1\projects\c\mk\build\hiya_ninja2.wav.raw" --show-progress rate -v 8000
        Adding to the linkfile as ROM...
    Reading assets.txt line
        Processing ASSETS\SFX\block01_16.wav
        Converting sound file into raw file (using sox)...
        Command run: sox.exe C:\gamedev\JAGSTU~1\projects\c\mk\ASSETS\SFX\block01_16.wav--channels 1 --bits 8 --encoding signed-integer "C:\gamedev\JAGSTU~1\projects\c\mk\build\block01_16.wav.raw" --show-progress rate -v 8000
        Adding to the linkfile as ROM...
    Reading assets.txt line
        Processing ASSETS\SFX\block02_16.wav
        Converting sound file into raw file (using sox)...
        Command run: sox.exe C:\gamedev\JAGSTU~1\projects\c\mk\ASSETS\SFX\block02_16.wav--channels 1 --bits 8 --encoding signed-integer "C:\gamedev\JAGSTU~1\projects\c\mk\build\block02_16.wav.raw" --show-progress rate -v 8000
        Adding to the linkfile as ROM...
    Reading assets.txt line
        Processing ASSETS\SFX\groan_male01.wav
        Converting sound file into raw file (using sox)...
        Command run: sox.exe C:\gamedev\JAGSTU~1\projects\c\mk\ASSETS\SFX\groan_male01.wav--channels 1 --bits 8 --encoding signed-integer "C:\gamedev\JAGSTU~1\projects\c\mk\build\groan_male01.wav.raw" --show-progress rate -v 8000
        Adding to the linkfile as ROM...
    Reading assets.txt line
        Processing ASSETS\SFX\groan_male02.wav
        Converting sound file into raw file (using sox)...
        Command run: sox.exe C:\gamedev\JAGSTU~1\projects\c\mk\ASSETS\SFX\groan_male02.wav--channels 1 --bits 8 --encoding signed-integer "C:\gamedev\JAGSTU~1\projects\c\mk\build\groan_male02.wav.raw" --show-progress rate -v 8000
        Adding to the linkfile as ROM...
    Reading assets.txt line
        Processing ASSETS\SFX\groan_female01.wav
        Converting sound file into raw file (using sox)...
        Command run: sox.exe C:\gamedev\JAGSTU~1\projects\c\mk\ASSETS\SFX\groan_female01.wav--channels 1 --bits 8 --encoding signed-integer "C:\gamedev\JAGSTU~1\projects\c\mk\build\groan_female01.wav.raw" --show-progress rate -v 8000
        Adding to the linkfile as ROM...
    Reading assets.txt line
        Processing ASSETS\SFX\groan_female02.wav
        Converting sound file into raw file (using sox)...
        Command run: sox.exe C:\gamedev\JAGSTU~1\projects\c\mk\ASSETS\SFX\groan_female02.wav--channels 1 --bits 8 --encoding signed-integer "C:\gamedev\JAGSTU~1\projects\c\mk\build\groan_female02.wav.raw" --show-progress rate -v 8000
        Adding to the linkfile as ROM...
    Reading assets.txt line
        Processing ASSETS\SFX\hit_01.wav
        Converting sound file into raw file (using sox)...
        Command run: sox.exe C:\gamedev\JAGSTU~1\projects\c\mk\ASSETS\SFX\hit_01.wav--channels 1 --bits 8 --encoding signed-integer "C:\gamedev\JAGSTU~1\projects\c\mk\build\hit_01.wav.raw" --show-progress rate -v 8000
        Adding to the linkfile as ROM...
    Reading assets.txt line
        Processing ASSETS\SFX\hit_02.wav
        Converting sound file into raw file (using sox)...
        Command run: sox.exe C:\gamedev\JAGSTU~1\projects\c\mk\ASSETS\SFX\hit_02.wav--channels 1 --bits 8 --encoding signed-integer "C:\gamedev\JAGSTU~1\projects\c\mk\build\hit_02.wav.raw" --show-progress rate -v 8000
        Adding to the linkfile as ROM...
    Reading assets.txt line
        Processing ASSETS\SFX\hit_impact.wav
        Converting sound file into raw file (using sox)...
        Command run: sox.exe C:\gamedev\JAGSTU~1\projects\c\mk\ASSETS\SFX\hit_impact.wav--channels 1 --bits 8 --encoding signed-integer "C:\gamedev\JAGSTU~1\projects\c\mk\build\hit_impact.wav.raw" --show-progress rate -v 8000
        Adding to the linkfile as ROM...
    Reading assets.txt line
        Processing ASSETS\SFX\swing_01.wav
        Converting sound file into raw file (using sox)...
        Command run: sox.exe C:\gamedev\JAGSTU~1\projects\c\mk\ASSETS\SFX\swing_01.wav--channels 1 --bits 8 --encoding signed-integer "C:\gamedev\JAGSTU~1\projects\c\mk\build\swing_01.wav.raw" --show-progress rate -v 8000
        Adding to the linkfile as ROM...
    Reading assets.txt line
        Processing ASSETS\SFX\swing_02.wav
        Converting sound file into raw file (using sox)...
        Command run: sox.exe C:\gamedev\JAGSTU~1\projects\c\mk\ASSETS\SFX\swing_02.wav--channels 1 --bits 8 --encoding signed-integer "C:\gamedev\JAGSTU~1\projects\c\mk\build\swing_02.wav.raw" --show-progress rate -v 8000
        Adding to the linkfile as ROM...
    Reading assets.txt line
        Processing ASSETS\SFX\blood01.wav
        Converting sound file into raw file (using sox)...
        Command run: sox.exe C:\gamedev\JAGSTU~1\projects\c\mk\ASSETS\SFX\blood01.wav--channels 1 --bits 8 --encoding signed-integer "C:\gamedev\JAGSTU~1\projects\c\mk\build\blood01.wav.raw" --show-progress rate -v 8000
        Adding to the linkfile as ROM...
    Reading assets.txt line
        Processing ASSETS\SFX\blood02.wav
        Converting sound file into raw file (using sox)...
        Command run: sox.exe C:\gamedev\JAGSTU~1\projects\c\mk\ASSETS\SFX\blood02.wav--channels 1 --bits 8 --encoding signed-integer "C:\gamedev\JAGSTU~1\projects\c\mk\build\blood02.wav.raw" --show-progress rate -v 8000
        Adding to the linkfile as ROM...
    Reading assets.txt line
        Processing ASSETS\SFX\yell_male01.wav
        Converting sound file into raw file (using sox)...
        Command run: sox.exe C:\gamedev\JAGSTU~1\projects\c\mk\ASSETS\SFX\yell_male01.wav--channels 1 --bits 8 --encoding signed-integer "C:\gamedev\JAGSTU~1\projects\c\mk\build\yell_male01.wav.raw" --show-progress rate -v 8000
        Adding to the linkfile as ROM...
    Reading assets.txt line
        Processing ASSETS\SFX\yell_male02.wav
        Converting sound file into raw file (using sox)...
        Command run: sox.exe C:\gamedev\JAGSTU~1\projects\c\mk\ASSETS\SFX\yell_male02.wav--channels 1 --bits 8 --encoding signed-integer "C:\gamedev\JAGSTU~1\projects\c\mk\build\yell_male02.wav.raw" --show-progress rate -v 8000
        Adding to the linkfile as ROM...
    Reading assets.txt line
        Processing ASSETS\SFX\yell_female.wav
        Converting sound file into raw file (using sox)...
        Command run: sox.exe C:\gamedev\JAGSTU~1\projects\c\mk\ASSETS\SFX\yell_female.wav--channels 1 --bits 8 --encoding signed-integer "C:\gamedev\JAGSTU~1\projects\c\mk\build\yell_female.wav.raw" --show-progress rate -v 8000
        Adding to the linkfile as ROM...
    Reading assets.txt line
        Processing ASSETS\SFX\yell_kang.wav
        Converting sound file into raw file (using sox)...
        Command run: sox.exe C:\gamedev\JAGSTU~1\projects\c\mk\ASSETS\SFX\yell_kang.wav--channels 1 --bits 8 --encoding signed-integer "C:\gamedev\JAGSTU~1\projects\c\mk\build\yell_kang.wav.raw" --show-progress rate -v 8000
        Adding to the linkfile as ROM...
    Reading assets.txt line
        Processing ASSETS\SFX\jump_male.wav
        Converting sound file into raw file (using sox)...
        Command run: sox.exe C:\gamedev\JAGSTU~1\projects\c\mk\ASSETS\SFX\jump_male.wav--channels 1 --bits 8 --encoding signed-integer "C:\gamedev\JAGSTU~1\projects\c\mk\build\jump_male.wav.raw" --show-progress rate -v 8000
        Adding to the linkfile as ROM...
    Reading assets.txt line
        Processing ASSETS\SFX\jump_female.wav
        Converting sound file into raw file (using sox)...
        Command run: sox.exe C:\gamedev\JAGSTU~1\projects\c\mk\ASSETS\SFX\jump_female.wav--channels 1 --bits 8 --encoding signed-integer "C:\gamedev\JAGSTU~1\projects\c\mk\build\jump_female.wav.raw" --show-progress rate -v 8000
        Adding to the linkfile as ROM...
    Reading assets.txt line
        Processing ASSETS\SFX\jump_ninja.wav
        Converting sound file into raw file (using sox)...
        Command run: sox.exe C:\gamedev\JAGSTU~1\projects\c\mk\ASSETS\SFX\jump_ninja.wav--channels 1 --bits 8 --encoding signed-integer "C:\gamedev\JAGSTU~1\projects\c\mk\build\jump_ninja.wav.raw" --show-progress rate -v 8000
        Adding to the linkfile as ROM...
    Reading assets.txt line
        Processing ASSETS\SFX\jump_roll.wav
        Converting sound file into raw file (using sox)...
        Command run: sox.exe C:\gamedev\JAGSTU~1\projects\c\mk\ASSETS\SFX\jump_roll.wav--channels 1 --bits 8 --encoding signed-integer "C:\gamedev\JAGSTU~1\projects\c\mk\build\jump_roll.wav.raw" --show-progress rate -v 8000
        Adding to the linkfile as ROM...
    Reading assets.txt line
        Processing ASSETS\SFX\thud.wav
        Converting sound file into raw file (using sox)...
        Command run: sox.exe C:\gamedev\JAGSTU~1\projects\c\mk\ASSETS\SFX\thud.wav--channels 1 --bits 8 --encoding signed-integer "C:\gamedev\JAGSTU~1\projects\c\mk\build\thud.wav.raw" --show-progress rate -v 8000
        Adding to the linkfile as ROM...
    Reading assets.txt line
        Processing ASSETS\SFX\crowd_aww.wav
        Converting sound file into raw file (using sox)...
        Command run: sox.exe C:\gamedev\JAGSTU~1\projects\c\mk\ASSETS\SFX\crowd_aww.wav--channels 1 --bits 8 --encoding signed-integer "C:\gamedev\JAGSTU~1\projects\c\mk\build\crowd_aww.wav.raw" --show-progress rate -v 8000
        Adding to the linkfile as ROM...
    Reading assets.txt line
        Processing ASSETS\SFX\announcer_excellent.wav
        Converting sound file into raw file (using sox)...
        Command run: sox.exe C:\gamedev\JAGSTU~1\projects\c\mk\ASSETS\SFX\announcer_excellent.wav--channels 1 --bits 8 --encoding signed-integer "C:\gamedev\JAGSTU~1\projects\c\mk\build\announcer_excellent.wav.raw" --show-progress rate -v 8000
        Adding to the linkfile as ROM...
    Reading assets.txt line
        Processing ASSETS\SFX\announcer_laugh.wav
        Converting sound file into raw file (using sox)...
        Command run: sox.exe C:\gamedev\JAGSTU~1\projects\c\mk\ASSETS\SFX\announcer_laugh.wav--channels 1 --bits 8 --encoding signed-integer "C:\gamedev\JAGSTU~1\projects\c\mk\build\announcer_laugh.wav.raw" --show-progress rate -v 8000
        Adding to the linkfile as ROM...
    Reading assets.txt line
        Processing ASSETS\SFX\finish_her.wav
        Converting sound file into raw file (using sox)...
        Command run: sox.exe C:\gamedev\JAGSTU~1\projects\c\mk\ASSETS\SFX\finish_her.wav--channels 1 --bits 8 --encoding signed-integer "C:\gamedev\JAGSTU~1\projects\c\mk\build\finish_her.wav.raw" --show-progress rate -v 8000
        Adding to the linkfile as ROM...
    Reading assets.txt line
        Processing ASSETS\SFX\finish_him.wav
        Converting sound file into raw file (using sox)...
        Command run: sox.exe C:\gamedev\JAGSTU~1\projects\c\mk\ASSETS\SFX\finish_him.wav--channels 1 --bits 8 --encoding signed-integer "C:\gamedev\JAGSTU~1\projects\c\mk\build\finish_him.wav.raw" --show-progress rate -v 8000
        Adding to the linkfile as ROM...
    Reading assets.txt line
        Processing ASSETS\SFX\wins.wav
        Converting sound file into raw file (using sox)...
        Command run: sox.exe C:\gamedev\JAGSTU~1\projects\c\mk\ASSETS\SFX\wins.wav--channels 1 --bits 8 --encoding signed-integer "C:\gamedev\JAGSTU~1\projects\c\mk\build\wins.wav.raw" --show-progress rate -v 8000
        Adding to the linkfile as ROM...
    Reading assets.txt line
        Processing ASSETS\SFX\flawless.wav
        Converting sound file into raw file (using sox)...
        Command run: sox.exe C:\gamedev\JAGSTU~1\projects\c\mk\ASSETS\SFX\flawless.wav--channels 1 --bits 8 --encoding signed-integer "C:\gamedev\JAGSTU~1\projects\c\mk\build\flawless.wav.raw" --show-progress rate -v 8000
        Adding to the linkfile as ROM...
    Reading assets.txt line
        Processing ASSETS\SFX\fatality.wav
        Converting sound file into raw file (using sox)...
        Command run: sox.exe C:\gamedev\JAGSTU~1\projects\c\mk\ASSETS\SFX\fatality.wav--channels 1 --bits 8 --encoding signed-integer "C:\gamedev\JAGSTU~1\projects\c\mk\build\fatality.wav.raw" --show-progress rate -v 8000
        Adding to the linkfile as ROM...
    Reading assets.txt line
        Processing ASSETS\SFX\cage_yeah.wav
        Converting sound file into raw file (using sox)...
        Command run: sox.exe C:\gamedev\JAGSTU~1\projects\c\mk\ASSETS\SFX\cage_yeah.wav--channels 1 --bits 8 --encoding signed-integer "C:\gamedev\JAGSTU~1\projects\c\mk\build\cage_yeah.wav.raw" --show-progress rate -v 8000
        Adding to the linkfile as ROM...
    Reading assets.txt line
        Processing ASSETS\SFX\kano_yell.wav
        Converting sound file into raw file (using sox)...
        Command run: sox.exe C:\gamedev\JAGSTU~1\projects\c\mk\ASSETS\SFX\kano_yell.wav--channels 1 --bits 8 --encoding signed-integer "C:\gamedev\JAGSTU~1\projects\c\mk\build\kano_yell.wav.raw" --show-progress rate -v 8000
        Adding to the linkfile as ROM...
    Reading assets.txt line
        Processing ASSETS\SFX\kano_headbutt.wav
        Converting sound file into raw file (using sox)...
        Command run: sox.exe C:\gamedev\JAGSTU~1\projects\c\mk\ASSETS\SFX\kano_headbutt.wav--channels 1 --bits 8 --encoding signed-integer "C:\gamedev\JAGSTU~1\projects\c\mk\build\kano_headbutt.wav.raw" --show-progress rate -v 8000
        Adding to the linkfile as ROM...
    Reading assets.txt line
        Processing ASSETS\SFX\throw_male.wav
        Converting sound file into raw file (using sox)...
        Command run: sox.exe C:\gamedev\JAGSTU~1\projects\c\mk\ASSETS\SFX\throw_male.wav--channels 1 --bits 8 --encoding signed-integer "C:\gamedev\JAGSTU~1\projects\c\mk\build\throw_male.wav.raw" --show-progress rate -v 8000
        Adding to the linkfile as ROM...
    Reading assets.txt line
        Processing ASSETS\SFX\throw_female.wav
        Converting sound file into raw file (using sox)...
        Command run: sox.exe C:\gamedev\JAGSTU~1\projects\c\mk\ASSETS\SFX\throw_female.wav--channels 1 --bits 8 --encoding signed-integer "C:\gamedev\JAGSTU~1\projects\c\mk\build\throw_female.wav.raw" --show-progress rate -v 8000
        Adding to the linkfile as ROM...
    Reading assets.txt line
        Processing ASSETS\SFX\throw_ninja.wav
        Converting sound file into raw file (using sox)...
        Command run: sox.exe C:\gamedev\JAGSTU~1\projects\c\mk\ASSETS\SFX\throw_ninja.wav--channels 1 --bits 8 --encoding signed-integer "C:\gamedev\JAGSTU~1\projects\c\mk\build\throw_ninja.wav.raw" --show-progress rate -v 8000
        Adding to the linkfile as ROM...
    Reading assets.txt line
        Processing ASSETS\SFX\trufun.wav
        Converting sound file into raw file (using sox)...
        Command run: sox.exe C:\gamedev\JAGSTU~1\projects\c\mk\ASSETS\SFX\trufun.wav--channels 1 --bits 8 --encoding signed-integer "C:\gamedev\JAGSTU~1\projects\c\mk\build\trufun.wav.raw" --show-progress rate -v 8000
        Adding to the linkfile as ROM...
    Reading assets.txt line
    Reading assets.txt line
        Processing ASSETS\Music\mk_title.mod
        Adding C:\gamedev\JAGSTU~1\projects\c\mk\ASSETS\Music\mk_title.mod to the linkfile as ROM...
    Reading assets.txt line
        Processing ASSETS\Music\stage_pit.mod
        Adding C:\gamedev\JAGSTU~1\projects\c\mk\ASSETS\Music\stage_pit.mod to the linkfile as ROM...
    Reading assets.txt line
        Processing ASSETS\Music\stage_warrior.mod
        Adding C:\gamedev\JAGSTU~1\projects\c\mk\ASSETS\Music\stage_warrior.mod to the linkfile as ROM...
    Reading assets.txt line
        Processing ASSETS\Music\stage_goro.mod
        Adding C:\gamedev\JAGSTU~1\projects\c\mk\ASSETS\Music\stage_goro.mod to the linkfile as ROM...
    Reading assets.txt line
    Reading assets.txt line
Buildlink finished - everything went fine!
